C:\PROGRAM FILES\MICROSOFT SDKS\WINDOWS\V7.0\SAMPLES\SECURITY\CRYPTOAPI\SAMPLESTOREPROVIDER\CPP\DEBUG\LOCALSTOREPROVIDER.DLL
C:\Program Files\Microsoft SDKs\Windows\v7.0\Samples\security\cryptoapi\SampleStoreProvider\CPP\Debug\LocalStoreProvider.exp
C:\PROGRAM FILES\MICROSOFT SDKS\WINDOWS\V7.0\SAMPLES\SECURITY\CRYPTOAPI\SAMPLESTOREPROVIDER\CPP\DEBUG\LOCALSTOREPROVIDER.ILK
C:\Program Files\Microsoft SDKs\Windows\v7.0\Samples\security\cryptoapi\SampleStoreProvider\CPP\Debug\LocalStoreProvider.lib
C:\PROGRAM FILES\MICROSOFT SDKS\WINDOWS\V7.0\SAMPLES\SECURITY\CRYPTOAPI\SAMPLESTOREPROVIDER\CPP\DEBUG\LOCALSTOREPROVIDER.PDB
C:\PROGRAM FILES\MICROSOFT SDKS\WINDOWS\V7.0\SAMPLES\SECURITY\CRYPTOAPI\SAMPLESTOREPROVIDER\CPP\STORE\DEBUG\LOCALSTOREPROVIDER.DLL.INTERMEDIATE.MANIFEST
C:\PROGRAM FILES\MICROSOFT SDKS\WINDOWS\V7.0\SAMPLES\SECURITY\CRYPTOAPI\SAMPLESTOREPROVIDER\CPP\STORE\DEBUG\LOCALSTOREPROVIDER.OBJ
C:\PROGRAM FILES\MICROSOFT SDKS\WINDOWS\V7.0\SAMPLES\SECURITY\CRYPTOAPI\SAMPLESTOREPROVIDER\CPP\STORE\DEBUG\VC100.PDB
C:\Program Files\Microsoft SDKs\Windows\v7.0\Samples\security\cryptoapi\SampleStoreProvider\LocalStoreProvider\Debug\LocalStoreProvider.dll
C:\Program Files\Microsoft SDKs\Windows\v7.0\Samples\security\cryptoapi\SampleStoreProvider\LocalStoreProvider\Debug\LocalStoreProvider.ilk
C:\Program Files\Microsoft SDKs\Windows\v7.0\Samples\security\cryptoapi\SampleStoreProvider\LocalStoreProvider\Debug\LocalStoreProvider.pdb
C:\Program Files\Microsoft SDKs\Windows\v7.0\Samples\security\cryptoapi\SampleStoreProvider\LocalStoreProvider\Provider\Debug\cl.command.1.tlog
C:\Program Files\Microsoft SDKs\Windows\v7.0\Samples\security\cryptoapi\SampleStoreProvider\LocalStoreProvider\Provider\Debug\CL.read.1.tlog
C:\Program Files\Microsoft SDKs\Windows\v7.0\Samples\security\cryptoapi\SampleStoreProvider\LocalStoreProvider\Provider\Debug\CL.write.1.tlog
C:\Program Files\Microsoft SDKs\Windows\v7.0\Samples\security\cryptoapi\SampleStoreProvider\LocalStoreProvider\Provider\Debug\link.command.1.tlog
C:\Program Files\Microsoft SDKs\Windows\v7.0\Samples\security\cryptoapi\SampleStoreProvider\LocalStoreProvider\Provider\Debug\link.read.1.tlog
C:\Program Files\Microsoft SDKs\Windows\v7.0\Samples\security\cryptoapi\SampleStoreProvider\LocalStoreProvider\Provider\Debug\link.write.1.tlog
C:\Program Files\Microsoft SDKs\Windows\v7.0\Samples\security\cryptoapi\SampleStoreProvider\LocalStoreProvider\Provider\Debug\LocalStoreProvider.dll.intermediate.manifest
C:\Program Files\Microsoft SDKs\Windows\v7.0\Samples\security\cryptoapi\SampleStoreProvider\LocalStoreProvider\Provider\Debug\LocalStoreProvider.obj
C:\Program Files\Microsoft SDKs\Windows\v7.0\Samples\security\cryptoapi\SampleStoreProvider\LocalStoreProvider\Provider\Debug\LocalStoreProvider.write.1.tlog
C:\Program Files\Microsoft SDKs\Windows\v7.0\Samples\security\cryptoapi\SampleStoreProvider\LocalStoreProvider\Provider\Debug\mt.command.1.tlog
C:\Program Files\Microsoft SDKs\Windows\v7.0\Samples\security\cryptoapi\SampleStoreProvider\LocalStoreProvider\Provider\Debug\mt.read.1.tlog
C:\Program Files\Microsoft SDKs\Windows\v7.0\Samples\security\cryptoapi\SampleStoreProvider\LocalStoreProvider\Provider\Debug\mt.write.1.tlog
C:\Program Files\Microsoft SDKs\Windows\v7.0\Samples\security\cryptoapi\SampleStoreProvider\LocalStoreProvider\Provider\Debug\vc100.idb
C:\Program Files\Microsoft SDKs\Windows\v7.0\Samples\security\cryptoapi\SampleStoreProvider\LocalStoreProvider\Provider\Debug\vc100.pdb
